Сборка начата 16.02.2025 15:26:49.
Уровень детализации журнала: Normal.     1>Проект "C:\Users\Влад\Desktop\Системное программирование - 3 курс ИСиТ\Лабораторные\Lab1\Lab-01C\Lab-01C\Lab-01C.vcxproj" в узле 2 (целевые объекты Build).
     1>PrepareForBuild:
         Структурированный вывод включен. Форматирование диагностики компилятора будет отражать иерархию ошибок. Подробнее см. https://aka.ms/cpp/structured-output.
       InitializeBuildStatus:
         Обращение к "x64\Debug\Lab-01C.tlog\unsuccessfulbuild".
       ClCompile:
         C:\Program Files\Microsoft Visual Studio\2022\Community\VC\Tools\MSVC\14.39.33519\bin\HostX64\x64\CL.exe /c /ZI /JMC /nologo /W3 /WX- /diagnostics:column /sdl /Od /D _DEBUG /D _CONSOLE /D _UNICODE /D UNICODE /Gm- /EHsc /RTC1 /MDd /GS /fp:precise /Zc:wchar_t /Zc:forScope /Zc:inline /permissive- /Fo"x64\Debug\\" /Fd"x64\Debug\vc143.pdb" /external:W3 /Gd /TC /FC /errorReport:prompt Source.c
         Source.c
       Link:
         C:\Program Files\Microsoft Visual Studio\2022\Community\VC\Tools\MSVC\14.39.33519\bin\HostX64\x64\link.exe /ERRORREPORT:PROMPT /OUT:"C:\Users\Влад\Desktop\Системное программирование - 3 курс ИСиТ\Лабораторные\Lab1\Lab-01C\x64\Debug\Lab-01C.exe" /INCREMENTAL /ILK:"x64\Debug\Lab-01C.ilk" /NOLOGO kernel32.lib user32.lib gdi32.lib winspool.lib comdlg32.lib advapi32.lib shell32.lib ole32.lib oleaut32.lib uuid.lib odbc32.lib odbccp32.lib /MANIFEST /MANIFESTUAC:"level='asInvoker' uiAccess='false'" /manifest:embed /DEBUG /PDB:"C:\Users\Влад\Desktop\Системное программирование - 3 курс ИСиТ\Лабораторные\Lab1\Lab-01C\x64\Debug\Lab-01C.pdb" /SUBSYSTEM:CONSOLE /TLBID:1 /DYNAMICBASE /NXCOMPAT /IMPLIB:"C:\Users\Влад\Desktop\Системное программирование - 3 курс ИСиТ\Лабораторные\Lab1\Lab-01C\x64\Debug\Lab-01C.lib" /MACHINE:X64 x64\Debug\Source.obj
         Lab-01C.vcxproj -> C:\Users\Влад\Desktop\Системное программирование - 3 курс ИСиТ\Лабораторные\Lab1\Lab-01C\x64\Debug\Lab-01C.exe
       FinalizeBuildStatus:
         Файл "x64\Debug\Lab-01C.tlog\unsuccessfulbuild" удаляется.
         Обращение к "x64\Debug\Lab-01C.tlog\Lab-01C.lastbuildstate".
     1>Сборка проекта "C:\Users\Влад\Desktop\Системное программирование - 3 курс ИСиТ\Лабораторные\Lab1\Lab-01C\Lab-01C\Lab-01C.vcxproj" завершена (целевые объекты Build).

Сборка успешно завершена.
    Предупреждений: 0
    Ошибок: 0

Прошло времени 00:00:00.23
